[13-Dec-2019 03:10:40 UTC] PHP Fatal error:  Uncaught InvalidArgumentException in C:\Users\Conrado\Projetos\jokenpo-game\src\Jokenpo.php:54
Stack trace:
#0 C:\Users\Conrado\Projetos\jokenpo-game\src\Jokenpo.php(31): JokenpoGame\Jokenpo->__isAValidOption('scisssors')
#1 C:\Users\Conrado\Projetos\jokenpo-game\index.php(7): JokenpoGame\Jokenpo->play('paper', 'scisssors')
#2 {main}
  thrown in C:\Users\Conrado\Projetos\jokenpo-game\src\Jokenpo.php on line 54
[13-Dec-2019 03:11:08 UTC] PHP Fatal error:  Uncaught InvalidArgumentException: scisssors not is a valid option! in C:\Users\Conrado\Projetos\jokenpo-game\src\Jokenpo.php:54
Stack trace:
#0 C:\Users\Conrado\Projetos\jokenpo-game\src\Jokenpo.php(31): JokenpoGame\Jokenpo->__isAValidOption('scisssors')
#1 C:\Users\Conrado\Projetos\jokenpo-game\index.php(7): JokenpoGame\Jokenpo->play('paper', 'scisssors')
#2 {main}
  thrown in C:\Users\Conrado\Projetos\jokenpo-game\src\Jokenpo.php on line 54
[13-Dec-2019 03:25:23 UTC] PHP Fatal error:  Uncaught InvalidArgumentException: scisssors not is a valid option! in C:\Users\Conrado\Projetos\jokenpo-game\src\Jokenpo.php:70
Stack trace:
#0 C:\Users\Conrado\Projetos\jokenpo-game\src\Jokenpo.php(38): JokenpoGame\Jokenpo->__isAValidOption('scisssors')
#1 C:\Users\Conrado\Projetos\jokenpo-game\index.php(7): JokenpoGame\Jokenpo->play('paper', 'scisssors')
#2 {main}
  thrown in C:\Users\Conrado\Projetos\jokenpo-game\src\Jokenpo.php on line 70
[13-Dec-2019 03:26:34 UTC] PHP Warning:  The use statement with non-compound name 'Exception' has no effect in C:\Users\Conrado\Projetos\jokenpo-game\index.php on line 6
[13-Dec-2019 03:27:02 UTC] PHP Warning:  The use statement with non-compound name 'Exception' has no effect in C:\Users\Conrado\Projetos\jokenpo-game\index.php on line 6
[13-Dec-2019 03:27:02 UTC] PHP Fatal error:  Uncaught Error: Can only throw objects in C:\Users\Conrado\Projetos\jokenpo-game\index.php:13
Stack trace:
#0 {main}
  thrown in C:\Users\Conrado\Projetos\jokenpo-game\index.php on line 13
[13-Dec-2019 03:27:15 UTC] PHP Warning:  The use statement with non-compound name 'Exception' has no effect in C:\Users\Conrado\Projetos\jokenpo-game\index.php on line 6
[13-Dec-2019 03:27:15 UTC] PHP Fatal error:  Uncaught Exception: scisssors not is a valid option! in C:\Users\Conrado\Projetos\jokenpo-game\index.php:13
Stack trace:
#0 {main}
  thrown in C:\Users\Conrado\Projetos\jokenpo-game\index.php on line 13
[13-Dec-2019 03:27:31 UTC] PHP Fatal error:  Uncaught Exception: scisssors not is a valid option! in C:\Users\Conrado\Projetos\jokenpo-game\index.php:13
Stack trace:
#0 {main}
  thrown in C:\Users\Conrado\Projetos\jokenpo-game\index.php on line 13
[13-Dec-2019 04:12:44 UTC] PHP Fatal error:  Class 'Monolog\TestCase' not found in C:\Users\Conrado\Projetos\jokenpo-game\vendor\monolog\monolog\tests\Monolog\Formatter\JsonFormatterTest.php on line 17
[13-Dec-2019 04:14:15 UTC] PHP Fatal error:  Declaration of PharIo\Manifest\ApplicationTest::setUp() must be compatible with PHPUnit\Framework\TestCase::setUp(): void in C:\Users\Conrado\Projetos\jokenpo-game\vendor\phar-io\manifest\tests\values\ApplicationTest.php on line 44
